0 info it worked if it ends with ok
1 verbose cli [ '/Users/antkn33/.nvm/versions/node/v6.3.1/bin/node',
1 verbose cli   '/Users/antkn33/.nvm/versions/node/v6.3.1/bin/npm',
1 verbose cli   'run',
1 verbose cli   'test-watch' ]
2 info using npm@3.10.3
3 info using node@v6.3.1
4 verbose run-script [ 'pretest-watch', 'test-watch', 'posttest-watch' ]
5 info lifecycle todo-api@1.0.0~pretest-watch: todo-api@1.0.0
6 silly lifecycle todo-api@1.0.0~pretest-watch: no script for pretest-watch, continuing
7 info lifecycle todo-api@1.0.0~test-watch: todo-api@1.0.0
8 verbose lifecycle todo-api@1.0.0~test-watch: unsafe-perm in lifecycle true
9 verbose lifecycle todo-api@1.0.0~test-watch: PATH: /Users/antkn33/.nvm/versions/node/v6.3.1/lib/node_modules/npm/bin/node-gyp-bin:/Users/antkn33/Dropbox/Node/todo-api/node_modules/.bin:/Users/antkn33/.nvm/versions/node/v6.3.1/bin:/Users/antkn33/.rvm/gems/ruby-2.3.3/bin:/Users/antkn33/.rvm/gems/ruby-2.3.3@global/bin:/Users/antkn33/.rvm/rubies/ruby-2.3.3/bin:/Users/antkn33/.nvm/versions/node/v6.3.1/bin:/usr/local/bin:/usr/bin:/bin:/usr/sbin:/sbin:/Users/antkn33/.rvm/bin
10 verbose lifecycle todo-api@1.0.0~test-watch: CWD: /Users/antkn33/Dropbox/Node/todo-api
11 silly lifecycle todo-api@1.0.0~test-watch: Args: [ '-c', 'nodemon --exec \'npm test\'' ]
12 silly lifecycle todo-api@1.0.0~test-watch: Returned: code: 1  signal: null
13 info lifecycle todo-api@1.0.0~test-watch: Failed to exec test-watch script
14 verbose stack Error: todo-api@1.0.0 test-watch: `nodemon --exec 'npm test'`
14 verbose stack Exit status 1
14 verbose stack     at EventEmitter.<anonymous> (/Users/antkn33/.nvm/versions/node/v6.3.1/lib/node_modules/npm/lib/utils/lifecycle.js:242:16)
14 verbose stack     at emitTwo (events.js:106:13)
14 verbose stack     at EventEmitter.emit (events.js:191:7)
14 verbose stack     at ChildProcess.<anonymous> (/Users/antkn33/.nvm/versions/node/v6.3.1/lib/node_modules/npm/lib/utils/spawn.js:40:14)
14 verbose stack     at emitTwo (events.js:106:13)
14 verbose stack     at ChildProcess.emit (events.js:191:7)
14 verbose stack     at maybeClose (internal/child_process.js:852:16)
14 verbose stack     at Process.ChildProcess._handle.onexit (internal/child_process.js:215:5)
15 verbose pkgid todo-api@1.0.0
16 verbose cwd /Users/antkn33/Dropbox/Node/todo-api
17 error Darwin 15.6.0
18 error argv "/Users/antkn33/.nvm/versions/node/v6.3.1/bin/node" "/Users/antkn33/.nvm/versions/node/v6.3.1/bin/npm" "run" "test-watch"
19 error node v6.3.1
20 error npm  v3.10.3
21 error code ELIFECYCLE
22 error todo-api@1.0.0 test-watch: `nodemon --exec 'npm test'`
22 error Exit status 1
23 error Failed at the todo-api@1.0.0 test-watch script 'nodemon --exec 'npm test''.
23 error Make sure you have the latest version of node.js and npm installed.
23 error If you do, this is most likely a problem with the todo-api package,
23 error not with npm itself.
23 error Tell the author that this fails on your system:
23 error     nodemon --exec 'npm test'
23 error You can get information on how to open an issue for this project with:
23 error     npm bugs todo-api
23 error Or if that isn't available, you can get their info via:
23 error     npm owner ls todo-api
23 error There is likely additional logging output above.
24 verbose exit [ 1, true ]
